Arguments: 
  C:\Program Files\nodejs\node.exe C:\Users\jamat\AppData\Roaming\npm\node_modules\yarn\bin\yarn.js add bcrypt@5.1.0 body-parser@1.20.2 cloudinary@1.35.0 cors@2.8.5 dotenv@16.0.3 express@4.18.2 express-mongo-sanitize@2.2.0 express-rate-limit@6.7.0 formidable@2.1.1 helmet@6.0.1 hpp@0.2.3 http-errors@2.0.0 jsonwebtoken@^9.0.0 mailgen@2.0.27

PATH: 
  C:\WINDOWS\system32;C:\WINDOWS;C:\WINDOWS\System32\Wbem;C:\WINDOWS\System32\WindowsPowerShell\v1.0\;C:\WINDOWS\System32\OpenSSH\;C:\Program Files\nodejs\;C:\Program Files\Git\cmd;C:\MinGW\bin;C:\Users\jamat\AppData\Local\Programs\Python\Python311\Scripts\;C:\Users\jamat\AppData\Local\Programs\Python\Python311\;C:\Users\jamat\AppData\Local\Microsoft\WindowsApps;C:\Users\jamat\AppData\Roaming\npm;C:\Users\jamat\AppData\Local\Programs\Microsoft VS Code\bin;C:\MinGW\bin;

Yarn version: 
  1.22.19

Node version: 
  18.15.0

Platform: 
  win32 x64

Trace: 
  Error: read ECONNRESET
      at TLSWrap.onStreamRead (node:internal/stream_base_commons:217:20)

npm manifest: 
  {
    "name": "cseclub-backend",
    "version": "1.0.0",
    "description": "API of CSE CLUB Backend",
    "main": "index.js",
    "license": "MIT",
    "scripts": {
      "start": "node index.js",
      "dev": "nodemon index.js",
      "test": "echo \"Error: no test specified\" && exit 1"
    },
    "dependencies": {
      "bcrypt": "^5.1.0",
      "body-parser": "^1.20.2",
      "cloudinary": "^1.35.0",
      "cors": "^2.8.5",
      "dotenv": "^16.0.3",
      "express": "^4.18.2",
      "express-mongo-sanitize": "^2.2.0",
      "express-rate-limit": "^6.7.0",
      "formidable": "^2.1.1",
      "helmet": "^6.0.1",
      "hpp": "^0.2.3",
      "http-errors": "^2.0.0",
      "jsonwebtoken": "^9.0.0",
      "mailgen": "^2.0.27",
      "mongodb": "^5.1.0",
      "mongoose": "^7.0.3",
      "morgan": "^1.10.0",
      "multer": "^1.4.5-lts.1",
      "multer-storage-cloudinary": "^4.0.0",
      "nodemailer": "^6.9.1",
      "nodemon": "^2.0.22",
      "xss-clean": "^0.1.1"
    }
  }

yarn manifest: 
  No manifest

Lockfile: 
  No lockfile
